Num. Threads 1 - Iteration 1
# started on Sat Jun  3 17:15:33 2023


 Performance counter stats for './tiny_md':

         71,794.78 msec task-clock:u                     #    1.000 CPUs utilized             
                 0      context-switches:u               #    0.000 /sec                      
                 0      cpu-migrations:u                 #    0.000 /sec                      
               104      page-faults:u                    #    1.449 /sec                      
   353,001,502,709      cycles:u                         #    4.917 GHz                       
   907,291,748,096      instructions:u                   #    2.57  insn per cycle            
    50,266,246,322      branches:u                       #  700.138 M/sec                     
       577,850,068      branch-misses:u                  #    1.15% of all branches           

      71.798889341 seconds time elapsed

      71.703765000 seconds user
       0.000998000 seconds sys


Num. Threads 1 - Iteration 2
# started on Sat Jun  3 17:16:45 2023


 Performance counter stats for './tiny_md':

         71,684.40 msec task-clock:u                     #    1.000 CPUs utilized             
                 0      context-switches:u               #    0.000 /sec                      
                 0      cpu-migrations:u                 #    0.000 /sec                      
               105      page-faults:u                    #    1.465 /sec                      
   352,552,599,696      cycles:u                         #    4.918 GHz                       
   907,291,580,373      instructions:u                   #    2.57  insn per cycle            
    50,266,258,715      branches:u                       #  701.216 M/sec                     
       578,104,661      branch-misses:u                  #    1.15% of all branches           

      71.689670729 seconds time elapsed

      71.590501000 seconds user
       0.003992000 seconds sys


Num. Threads 1 - Iteration 3
# started on Sat Jun  3 17:17:56 2023


 Performance counter stats for './tiny_md':

         71,759.88 msec task-clock:u                     #    1.000 CPUs utilized             
                 0      context-switches:u               #    0.000 /sec                      
                 0      cpu-migrations:u                 #    0.000 /sec                      
               104      page-faults:u                    #    1.449 /sec                      
   353,207,896,751      cycles:u                         #    4.922 GHz                       
   907,290,574,390      instructions:u                   #    2.57  insn per cycle            
    50,266,330,447      branches:u                       #  700.480 M/sec                     
       575,086,242      branch-misses:u                  #    1.14% of all branches           

      71.763108858 seconds time elapsed

      71.663774000 seconds user
       0.005992000 seconds sys


Num. Threads 1 - Iteration 4
# started on Sat Jun  3 17:19:08 2023


 Performance counter stats for './tiny_md':

         71,654.02 msec task-clock:u                     #    1.000 CPUs utilized             
                 0      context-switches:u               #    0.000 /sec                      
                 0      cpu-migrations:u                 #    0.000 /sec                      
               101      page-faults:u                    #    1.410 /sec                      
   353,264,365,254      cycles:u                         #    4.930 GHz                       
   907,290,961,550      instructions:u                   #    2.57  insn per cycle            
    50,266,301,402      branches:u                       #  701.514 M/sec                     
       578,771,408      branch-misses:u                  #    1.15% of all branches           

      71.655461916 seconds time elapsed

      71.563183000 seconds user
       0.000000000 seconds sys


Num. Threads 1 - Iteration 5
# started on Sat Jun  3 17:20:20 2023


 Performance counter stats for './tiny_md':

         71,665.89 msec task-clock:u                     #    1.000 CPUs utilized             
                 0      context-switches:u               #    0.000 /sec                      
                 0      cpu-migrations:u                 #    0.000 /sec                      
               104      page-faults:u                    #    1.451 /sec                      
   353,333,279,121      cycles:u                         #    4.930 GHz                       
   907,290,210,006      instructions:u                   #    2.57  insn per cycle            
    50,266,357,141      branches:u                       #  701.399 M/sec                     
       577,989,431      branch-misses:u                  #    1.15% of all branches           

      71.667376170 seconds time elapsed

      71.570917000 seconds user
       0.004993000 seconds sys


Num. Threads 2 - Iteration 1
# started on Sat Jun  3 17:21:33 2023


 Performance counter stats for './tiny_md':

        178,062.86 msec task-clock:u                     #    2.000 CPUs utilized             
                 0      context-switches:u               #    0.000 /sec                      
                 0      cpu-migrations:u                 #    0.000 /sec                      
                98      page-faults:u                    #    0.550 /sec                      
   870,945,887,277      cycles:u                         #    4.891 GHz                       
   915,014,790,667      instructions:u                   #    1.05  insn per cycle            
    52,472,746,242      branches:u                       #  294.687 M/sec                     
       592,956,351      branch-misses:u                  #    1.13% of all branches           

      89.032703673 seconds time elapsed

     177.835413000 seconds user
       0.004993000 seconds sys


Num. Threads 2 - Iteration 2
# started on Sat Jun  3 17:23:02 2023


 Performance counter stats for './tiny_md':

        164,397.97 msec task-clock:u                     #    2.000 CPUs utilized             
                 0      context-switches:u               #    0.000 /sec                      
                 0      cpu-migrations:u                 #    0.000 /sec                      
               100      page-faults:u                    #    0.608 /sec                      
   802,478,905,934      cycles:u                         #    4.881 GHz                       
   915,085,028,332      instructions:u                   #    1.14  insn per cycle            
    52,492,962,355      branches:u                       #  319.304 M/sec                     
       589,105,570      branch-misses:u                  #    1.12% of all branches           

      82.200661384 seconds time elapsed

     164.040007000 seconds user
       0.005992000 seconds sys


Num. Threads 2 - Iteration 3
# started on Sat Jun  3 17:24:24 2023


 Performance counter stats for './tiny_md':

        173,646.12 msec task-clock:u                     #    2.000 CPUs utilized             
                 0      context-switches:u               #    0.000 /sec                      
                 0      cpu-migrations:u                 #    0.000 /sec                      
                98      page-faults:u                    #    0.564 /sec                      
   848,795,325,808      cycles:u                         #    4.888 GHz                       
   915,074,982,792      instructions:u                   #    1.08  insn per cycle            
    52,485,376,520      branches:u                       #  302.255 M/sec                     
       596,521,545      branch-misses:u                  #    1.14% of all branches           

      86.824405273 seconds time elapsed

     173.355221000 seconds user
       0.004989000 seconds sys


Num. Threads 2 - Iteration 4
# started on Sat Jun  3 17:25:51 2023


 Performance counter stats for './tiny_md':

        178,800.14 msec task-clock:u                     #    2.000 CPUs utilized             
                 0      context-switches:u               #    0.000 /sec                      
                 0      cpu-migrations:u                 #    0.000 /sec                      
                97      page-faults:u                    #    0.543 /sec                      
   869,523,037,459      cycles:u                         #    4.863 GHz                       
   914,998,414,553      instructions:u                   #    1.05  insn per cycle            
    52,467,262,431      branches:u                       #  293.441 M/sec                     
       591,173,503      branch-misses:u                  #    1.13% of all branches           

      89.401308346 seconds time elapsed

     178.568617000 seconds user
       0.005991000 seconds sys


Num. Threads 2 - Iteration 5
# started on Sat Jun  3 17:27:20 2023


 Performance counter stats for './tiny_md':

        181,664.47 msec task-clock:u                     #    2.000 CPUs utilized             
                 0      context-switches:u               #    0.000 /sec                      
                 0      cpu-migrations:u                 #    0.000 /sec                      
               101      page-faults:u                    #    0.556 /sec                      
   889,824,252,794      cycles:u                         #    4.898 GHz                       
   915,034,888,617      instructions:u                   #    1.03  insn per cycle            
    52,477,362,532      branches:u                       #  288.870 M/sec                     
       593,911,684      branch-misses:u                  #    1.13% of all branches           

      90.834523950 seconds time elapsed

     181.249854000 seconds user
       0.011965000 seconds sys


Num. Threads 4 - Iteration 1
# started on Sat Jun  3 17:28:52 2023


 Performance counter stats for './tiny_md':

        379,344.26 msec task-clock:u                     #    4.000 CPUs utilized             
                 0      context-switches:u               #    0.000 /sec                      
                 0      cpu-migrations:u                 #    0.000 /sec                      
               101      page-faults:u                    #    0.266 /sec                      
 1,798,489,622,982      cycles:u                         #    4.741 GHz                       
   930,110,319,545      instructions:u                   #    0.52  insn per cycle            
    56,782,802,939      branches:u                       #  149.687 M/sec                     
       605,400,137      branch-misses:u                  #    1.07% of all branches           

      94.838388945 seconds time elapsed

     378.777473000 seconds user
       0.003960000 seconds sys


Num. Threads 4 - Iteration 2
# started on Sat Jun  3 17:30:27 2023


 Performance counter stats for './tiny_md':

        399,223.04 msec task-clock:u                     #    4.000 CPUs utilized             
                 0      context-switches:u               #    0.000 /sec                      
                 0      cpu-migrations:u                 #    0.000 /sec                      
               104      page-faults:u                    #    0.261 /sec                      
 1,892,017,443,064      cycles:u                         #    4.739 GHz                       
   931,656,398,120      instructions:u                   #    0.49  insn per cycle            
    57,223,971,905      branches:u                       #  143.338 M/sec                     
       608,369,436      branch-misses:u                  #    1.06% of all branches           

      99.809383488 seconds time elapsed

     398.697550000 seconds user
       0.018970000 seconds sys


Num. Threads 4 - Iteration 3
# started on Sat Jun  3 17:32:07 2023


 Performance counter stats for './tiny_md':

        396,037.02 msec task-clock:u                     #    4.000 CPUs utilized             
                 0      context-switches:u               #    0.000 /sec                      
                 0      cpu-migrations:u                 #    0.000 /sec                      
               101      page-faults:u                    #    0.255 /sec                      
 1,876,146,704,796      cycles:u                         #    4.737 GHz                       
   931,565,033,660      instructions:u                   #    0.50  insn per cycle            
    57,197,589,303      branches:u                       #  144.425 M/sec                     
       614,955,685      branch-misses:u                  #    1.08% of all branches           

      99.014419466 seconds time elapsed

     395.524637000 seconds user
       0.012921000 seconds sys


Num. Threads 4 - Iteration 4
# started on Sat Jun  3 17:33:46 2023


 Performance counter stats for './tiny_md':

        390,361.02 msec task-clock:u                     #    4.000 CPUs utilized             
                 0      context-switches:u               #    0.000 /sec                      
                 0      cpu-migrations:u                 #    0.000 /sec                      
               102      page-faults:u                    #    0.261 /sec                      
 1,855,108,698,608      cycles:u                         #    4.752 GHz                       
   930,931,770,070      instructions:u                   #    0.50  insn per cycle            
    57,016,373,611      branches:u                       #  146.061 M/sec                     
       606,556,873      branch-misses:u                  #    1.06% of all branches           

      97.592624302 seconds time elapsed

     389.785578000 seconds user
       0.004990000 seconds sys


Num. Threads 4 - Iteration 5
# started on Sat Jun  3 17:35:24 2023


 Performance counter stats for './tiny_md':

        397,363.49 msec task-clock:u                     #    4.000 CPUs utilized             
                 0      context-switches:u               #    0.000 /sec                      
                 0      cpu-migrations:u                 #    0.000 /sec                      
               104      page-faults:u                    #    0.262 /sec                      
 1,884,136,464,173      cycles:u                         #    4.742 GHz                       
   931,712,915,464      instructions:u                   #    0.49  insn per cycle            
    57,239,881,652      branches:u                       #  144.049 M/sec                     
       603,894,943      branch-misses:u                  #    1.06% of all branches           

      99.341875756 seconds time elapsed

     396.682858000 seconds user
       0.006989000 seconds sys


Num. Threads 8 - Iteration 1
# started on Sat Jun  3 17:37:04 2023


 Performance counter stats for './tiny_md':

        957,700.76 msec task-clock:u                     #    8.000 CPUs utilized             
                 0      context-switches:u               #    0.000 /sec                      
                 0      cpu-migrations:u                 #    0.000 /sec                      
               114      page-faults:u                    #    0.119 /sec                      
 4,492,448,544,542      cycles:u                         #    4.691 GHz                       
   970,402,295,797      instructions:u                   #    0.22  insn per cycle            
    68,284,327,527      branches:u                       #   71.300 M/sec                     
       650,809,956      branch-misses:u                  #    0.95% of all branches           

     119.715303044 seconds time elapsed

     956.334382000 seconds user
       0.020937000 seconds sys


Num. Threads 8 - Iteration 2
# started on Sat Jun  3 17:39:04 2023


 Performance counter stats for './tiny_md':

        913,702.33 msec task-clock:u                     #    8.000 CPUs utilized             
                 0      context-switches:u               #    0.000 /sec                      
                 0      cpu-migrations:u                 #    0.000 /sec                      
               112      page-faults:u                    #    0.123 /sec                      
 4,285,594,344,749      cycles:u                         #    4.690 GHz                       
   959,573,174,947      instructions:u                   #    0.22  insn per cycle            
    65,191,778,697      branches:u                       #   71.349 M/sec                     
       655,190,667      branch-misses:u                  #    1.01% of all branches           

     114.217307155 seconds time elapsed

     912.332279000 seconds user
       0.010949000 seconds sys


Num. Threads 8 - Iteration 3
# started on Sat Jun  3 17:40:58 2023


 Performance counter stats for './tiny_md':

        994,077.59 msec task-clock:u                     #    8.000 CPUs utilized             
                 0      context-switches:u               #    0.000 /sec                      
                 0      cpu-migrations:u                 #    0.000 /sec                      
               112      page-faults:u                    #    0.113 /sec                      
 4,662,974,553,711      cycles:u                         #    4.691 GHz                       
   977,324,341,041      instructions:u                   #    0.21  insn per cycle            
    70,261,266,885      branches:u                       #   70.680 M/sec                     
       629,530,336      branch-misses:u                  #    0.90% of all branches           

     124.261529961 seconds time elapsed

     992.651067000 seconds user
       0.010981000 seconds sys


Num. Threads 8 - Iteration 4
# started on Sat Jun  3 17:43:03 2023


 Performance counter stats for './tiny_md':

        904,048.33 msec task-clock:u                     #    8.000 CPUs utilized             
                 0      context-switches:u               #    0.000 /sec                      
                 0      cpu-migrations:u                 #    0.000 /sec                      
               111      page-faults:u                    #    0.123 /sec                      
 4,240,652,919,205      cycles:u                         #    4.691 GHz                       
   964,972,091,756      instructions:u                   #    0.23  insn per cycle            
    66,734,199,215      branches:u                       #   73.817 M/sec                     
       624,791,342      branch-misses:u                  #    0.94% of all branches           

     113.010148466 seconds time elapsed

     902.747089000 seconds user
       0.015913000 seconds sys


Num. Threads 8 - Iteration 5
# started on Sat Jun  3 17:44:56 2023


 Performance counter stats for './tiny_md':

        936,017.90 msec task-clock:u                     #    7.999 CPUs utilized             
                 0      context-switches:u               #    0.000 /sec                      
                 0      cpu-migrations:u                 #    0.000 /sec                      
               111      page-faults:u                    #    0.119 /sec                      
 4,387,772,743,318      cycles:u                         #    4.688 GHz                       
   968,699,826,888      instructions:u                   #    0.22  insn per cycle            
    67,798,120,053      branches:u                       #   72.433 M/sec                     
       623,551,418      branch-misses:u                  #    0.92% of all branches           

     117.013318912 seconds time elapsed

     934.433989000 seconds user
       0.023881000 seconds sys


