Num. Threads 1 - Iteration 1
# started on Sat Jun  3 16:59:48 2023


 Performance counter stats for './tiny_md':

         30,526.76 msec task-clock:u                     #    1.000 CPUs utilized             
                 0      context-switches:u               #    0.000 /sec                      
                 0      cpu-migrations:u                 #    0.000 /sec                      
                97      page-faults:u                    #    3.178 /sec                      
   148,609,892,735      cycles:u                         #    4.868 GHz                       
   362,007,380,452      instructions:u                   #    2.44  insn per cycle            
    19,806,460,964      branches:u                       #  648.823 M/sec                     
       333,146,698      branch-misses:u                  #    1.68% of all branches           

      30.527519732 seconds time elapsed

      30.484776000 seconds user
       0.002996000 seconds sys


Num. Threads 1 - Iteration 2
# started on Sat Jun  3 17:00:19 2023


 Performance counter stats for './tiny_md':

         30,409.10 msec task-clock:u                     #    1.000 CPUs utilized             
                 0      context-switches:u               #    0.000 /sec                      
                 0      cpu-migrations:u                 #    0.000 /sec                      
                96      page-faults:u                    #    3.157 /sec                      
   148,652,607,801      cycles:u                         #    4.888 GHz                       
   362,007,051,953      instructions:u                   #    2.44  insn per cycle            
    19,806,485,210      branches:u                       #  651.334 M/sec                     
       334,454,049      branch-misses:u                  #    1.69% of all branches           

      30.409884131 seconds time elapsed

      30.364369000 seconds user
       0.005992000 seconds sys


Num. Threads 1 - Iteration 3
# started on Sat Jun  3 17:00:49 2023


 Performance counter stats for './tiny_md':

         30,512.73 msec task-clock:u                     #    1.000 CPUs utilized             
                 0      context-switches:u               #    0.000 /sec                      
                 0      cpu-migrations:u                 #    0.000 /sec                      
                96      page-faults:u                    #    3.146 /sec                      
   148,710,022,646      cycles:u                         #    4.874 GHz                       
   362,009,412,525      instructions:u                   #    2.43  insn per cycle            
    19,806,318,479      branches:u                       #  649.116 M/sec                     
       334,002,143      branch-misses:u                  #    1.69% of all branches           

      30.513721873 seconds time elapsed

      30.470667000 seconds user
       0.002996000 seconds sys


Num. Threads 1 - Iteration 4
# started on Sat Jun  3 17:01:20 2023


 Performance counter stats for './tiny_md':

         30,512.77 msec task-clock:u                     #    1.000 CPUs utilized             
                 0      context-switches:u               #    0.000 /sec                      
                 0      cpu-migrations:u                 #    0.000 /sec                      
                99      page-faults:u                    #    3.245 /sec                      
   148,669,598,387      cycles:u                         #    4.872 GHz                       
   362,008,325,537      instructions:u                   #    2.43  insn per cycle            
    19,806,393,346      branches:u                       #  649.118 M/sec                     
       335,384,623      branch-misses:u                  #    1.69% of all branches           

      30.514089548 seconds time elapsed

      30.471716000 seconds user
       0.001993000 seconds sys


Num. Threads 1 - Iteration 5
# started on Sat Jun  3 17:01:50 2023


 Performance counter stats for './tiny_md':

         30,565.64 msec task-clock:u                     #    1.000 CPUs utilized             
                 0      context-switches:u               #    0.000 /sec                      
                 0      cpu-migrations:u                 #    0.000 /sec                      
                96      page-faults:u                    #    3.141 /sec                      
   148,760,045,374      cycles:u                         #    4.867 GHz                       
   362,008,181,816      instructions:u                   #    2.43  insn per cycle            
    19,806,403,621      branches:u                       #  647.996 M/sec                     
       336,038,961      branch-misses:u                  #    1.70% of all branches           

      30.566241202 seconds time elapsed

      30.523563000 seconds user
       0.002995000 seconds sys


Num. Threads 2 - Iteration 1
# started on Sat Jun  3 17:02:22 2023


 Performance counter stats for './tiny_md':

         75,569.16 msec task-clock:u                     #    2.000 CPUs utilized             
                 0      context-switches:u               #    0.000 /sec                      
                 0      cpu-migrations:u                 #    0.000 /sec                      
                93      page-faults:u                    #    1.231 /sec                      
   364,856,765,220      cycles:u                         #    4.828 GHz                       
   365,221,565,413      instructions:u                   #    1.00  insn per cycle            
    20,723,703,992      branches:u                       #  274.235 M/sec                     
       346,928,895      branch-misses:u                  #    1.67% of all branches           

      37.785518613 seconds time elapsed

      75.462841000 seconds user
       0.008983000 seconds sys


Num. Threads 2 - Iteration 2
# started on Sat Jun  3 17:03:00 2023


 Performance counter stats for './tiny_md':

         75,937.45 msec task-clock:u                     #    2.000 CPUs utilized             
                 0      context-switches:u               #    0.000 /sec                      
                 0      cpu-migrations:u                 #    0.000 /sec                      
                94      page-faults:u                    #    1.238 /sec                      
   366,083,195,776      cycles:u                         #    4.821 GHz                       
   365,216,958,628      instructions:u                   #    1.00  insn per cycle            
    20,722,470,478      branches:u                       #  272.889 M/sec                     
       344,877,570      branch-misses:u                  #    1.66% of all branches           

      37.970011265 seconds time elapsed

      75.829657000 seconds user
       0.007988000 seconds sys


Num. Threads 2 - Iteration 3
# started on Sat Jun  3 17:03:38 2023


 Performance counter stats for './tiny_md':

         74,628.40 msec task-clock:u                     #    2.000 CPUs utilized             
                 0      context-switches:u               #    0.000 /sec                      
                 0      cpu-migrations:u                 #    0.000 /sec                      
                93      page-faults:u                    #    1.246 /sec                      
   362,669,302,171      cycles:u                         #    4.860 GHz                       
   365,151,022,235      instructions:u                   #    1.01  insn per cycle            
    20,702,989,894      branches:u                       #  277.414 M/sec                     
       345,688,591      branch-misses:u                  #    1.67% of all branches           

      37.316245919 seconds time elapsed

      74.446234000 seconds user
       0.008970000 seconds sys


Num. Threads 2 - Iteration 4
# started on Sat Jun  3 17:04:15 2023


 Performance counter stats for './tiny_md':

         75,140.31 msec task-clock:u                     #    2.000 CPUs utilized             
                 0      context-switches:u               #    0.000 /sec                      
                 0      cpu-migrations:u                 #    0.000 /sec                      
                92      page-faults:u                    #    1.224 /sec                      
   364,029,465,462      cycles:u                         #    4.845 GHz                       
   365,228,449,481      instructions:u                   #    1.00  insn per cycle            
    20,724,602,679      branches:u                       #  275.812 M/sec                     
       342,622,565      branch-misses:u                  #    1.65% of all branches           

      37.571436960 seconds time elapsed

      74.966134000 seconds user
       0.006988000 seconds sys


Num. Threads 2 - Iteration 5
# started on Sat Jun  3 17:04:53 2023


 Performance counter stats for './tiny_md':

         68,011.21 msec task-clock:u                     #    2.000 CPUs utilized             
                 0      context-switches:u               #    0.000 /sec                      
                 0      cpu-migrations:u                 #    0.000 /sec                      
                94      page-faults:u                    #    1.382 /sec                      
   328,273,337,530      cycles:u                         #    4.827 GHz                       
   365,262,603,757      instructions:u                   #    1.11  insn per cycle            
    20,735,733,957      branches:u                       #  304.887 M/sec                     
       339,067,127      branch-misses:u                  #    1.64% of all branches           

      34.006605583 seconds time elapsed

      67.861803000 seconds user
       0.002995000 seconds sys


Num. Threads 4 - Iteration 1
# started on Sat Jun  3 17:05:28 2023


 Performance counter stats for './tiny_md':

        186,797.14 msec task-clock:u                     #    4.000 CPUs utilized             
                 0      context-switches:u               #    0.000 /sec                      
                 0      cpu-migrations:u                 #    0.000 /sec                      
                95      page-faults:u                    #    0.509 /sec                      
   882,596,931,333      cycles:u                         #    4.725 GHz                       
   373,176,326,020      instructions:u                   #    0.42  insn per cycle            
    22,995,898,267      branches:u                       #  123.106 M/sec                     
       358,315,799      branch-misses:u                  #    1.56% of all branches           

      46.700471540 seconds time elapsed

     186.460782000 seconds user
       0.010962000 seconds sys


Num. Threads 4 - Iteration 2
# started on Sat Jun  3 17:06:15 2023


 Performance counter stats for './tiny_md':

        179,981.16 msec task-clock:u                     #    4.000 CPUs utilized             
                 0      context-switches:u               #    0.000 /sec                      
                 0      cpu-migrations:u                 #    0.000 /sec                      
                94      page-faults:u                    #    0.522 /sec                      
   850,339,290,048      cycles:u                         #    4.725 GHz                       
   372,663,471,384      instructions:u                   #    0.44  insn per cycle            
    22,849,346,528      branches:u                       #  126.954 M/sec                     
       357,353,145      branch-misses:u                  #    1.56% of all branches           

      44.998901398 seconds time elapsed

     179.730539000 seconds user
       0.015973000 seconds sys


Num. Threads 4 - Iteration 3
# started on Sat Jun  3 17:07:00 2023


 Performance counter stats for './tiny_md':

        190,628.09 msec task-clock:u                     #    4.000 CPUs utilized             
                 0      context-switches:u               #    0.000 /sec                      
                 0      cpu-migrations:u                 #    0.000 /sec                      
                99      page-faults:u                    #    0.519 /sec                      
   900,508,102,625      cycles:u                         #    4.724 GHz                       
   373,309,688,741      instructions:u                   #    0.41  insn per cycle            
    23,033,490,301      branches:u                       #  120.829 M/sec                     
       359,737,401      branch-misses:u                  #    1.56% of all branches           

      47.659089946 seconds time elapsed

     190.375078000 seconds user
       0.009983000 seconds sys


Num. Threads 4 - Iteration 4
# started on Sat Jun  3 17:07:48 2023


 Performance counter stats for './tiny_md':

        193,768.30 msec task-clock:u                     #    4.000 CPUs utilized             
                 0      context-switches:u               #    0.000 /sec                      
                 0      cpu-migrations:u                 #    0.000 /sec                      
                99      page-faults:u                    #    0.511 /sec                      
   915,611,829,840      cycles:u                         #    4.725 GHz                       
   373,420,434,187      instructions:u                   #    0.41  insn per cycle            
    23,065,244,737      branches:u                       #  119.035 M/sec                     
       359,307,544      branch-misses:u                  #    1.56% of all branches           

      48.443313641 seconds time elapsed

     193.517483000 seconds user
       0.002996000 seconds sys


Num. Threads 4 - Iteration 5
# started on Sat Jun  3 17:08:36 2023


 Performance counter stats for './tiny_md':

        195,079.98 msec task-clock:u                     #    4.000 CPUs utilized             
                 0      context-switches:u               #    0.000 /sec                      
                 0      cpu-migrations:u                 #    0.000 /sec                      
                99      page-faults:u                    #    0.507 /sec                      
   921,239,457,073      cycles:u                         #    4.722 GHz                       
   373,538,258,517      instructions:u                   #    0.41  insn per cycle            
    23,099,095,306      branches:u                       #  118.408 M/sec                     
       356,948,884      branch-misses:u                  #    1.55% of all branches           

      48.771018325 seconds time elapsed

     194.830188000 seconds user
       0.003994000 seconds sys


Num. Threads 8 - Iteration 1
# started on Sat Jun  3 17:09:26 2023


 Performance counter stats for './tiny_md':

        525,500.69 msec task-clock:u                     #    8.000 CPUs utilized             
                 0      context-switches:u               #    0.000 /sec                      
                 0      cpu-migrations:u                 #    0.000 /sec                      
               106      page-faults:u                    #    0.202 /sec                      
 2,464,866,010,748      cycles:u                         #    4.691 GHz                       
   396,780,779,798      instructions:u                   #    0.16  insn per cycle            
    29,733,499,273      branches:u                       #   56.581 M/sec                     
       376,844,408      branch-misses:u                  #    1.27% of all branches           

      65.689957090 seconds time elapsed

     524.728328000 seconds user
       0.010983000 seconds sys


Num. Threads 8 - Iteration 2
# started on Sat Jun  3 17:10:32 2023


 Performance counter stats for './tiny_md':

        492,786.56 msec task-clock:u                     #    8.000 CPUs utilized             
                 0      context-switches:u               #    0.000 /sec                      
                 0      cpu-migrations:u                 #    0.000 /sec                      
               104      page-faults:u                    #    0.211 /sec                      
 2,310,435,406,391      cycles:u                         #    4.689 GHz                       
   393,748,545,833      instructions:u                   #    0.17  insn per cycle            
    28,866,993,509      branches:u                       #   58.579 M/sec                     
       372,451,622      branch-misses:u                  #    1.29% of all branches           

      61.600861450 seconds time elapsed

     492.034058000 seconds user
       0.013973000 seconds sys


Num. Threads 8 - Iteration 3
# started on Sat Jun  3 17:11:33 2023


 Performance counter stats for './tiny_md':

        520,462.55 msec task-clock:u                     #    8.000 CPUs utilized             
                 0      context-switches:u               #    0.000 /sec                      
                 0      cpu-migrations:u                 #    0.000 /sec                      
               107      page-faults:u                    #    0.206 /sec                      
 2,441,000,645,917      cycles:u                         #    4.690 GHz                       
   396,834,966,766      instructions:u                   #    0.16  insn per cycle            
    29,749,392,451      branches:u                       #   57.160 M/sec                     
       372,710,300      branch-misses:u                  #    1.25% of all branches           

      65.060641965 seconds time elapsed

     519.651020000 seconds user
       0.016950000 seconds sys


Num. Threads 8 - Iteration 4
# started on Sat Jun  3 17:12:39 2023


 Performance counter stats for './tiny_md':

        477,731.70 msec task-clock:u                     #    8.000 CPUs utilized             
                 0      context-switches:u               #    0.000 /sec                      
                 0      cpu-migrations:u                 #    0.000 /sec                      
               106      page-faults:u                    #    0.222 /sec                      
 2,240,194,540,966      cycles:u                         #    4.689 GHz                       
   391,711,386,005      instructions:u                   #    0.17  insn per cycle            
    28,284,755,076      branches:u                       #   59.206 M/sec                     
       372,739,489      branch-misses:u                  #    1.32% of all branches           

      59.719659913 seconds time elapsed

     477.017691000 seconds user
       0.016970000 seconds sys


Num. Threads 8 - Iteration 5
# started on Sat Jun  3 17:13:38 2023


 Performance counter stats for './tiny_md':

        499,032.58 msec task-clock:u                     #    8.000 CPUs utilized             
                 0      context-switches:u               #    0.000 /sec                      
                 0      cpu-migrations:u                 #    0.000 /sec                      
               105      page-faults:u                    #    0.210 /sec                      
 2,340,144,351,165      cycles:u                         #    4.689 GHz                       
   392,989,318,686      instructions:u                   #    0.17  insn per cycle            
    28,650,444,045      branches:u                       #   57.412 M/sec                     
       373,459,472      branch-misses:u                  #    1.30% of all branches           

      62.380846817 seconds time elapsed

     498.296893000 seconds user
       0.012960000 seconds sys


