N= 5324 Num. Threads 2 - Iteration 1
# started on Mon Jun  5 08:57:57 2023


 Performance counter stats for './tiny_md':

      1,200,760.81 msec task-clock:u                     #    1.569 CPUs utilized             
                 0      context-switches:u               #    0.000 /sec                      
                 0      cpu-migrations:u                 #    0.000 /sec                      
               175      page-faults:u                    #    0.146 /sec                      
 5,774,462,626,016      cycles:u                         #    4.809 GHz                       
13,339,713,187,445      instructions:u                   #    2.31  insn per cycle            
   773,832,225,778      branches:u                       #  644.452 M/sec                     
     2,038,911,761      branch-misses:u                  #    0.26% of all branches           

     765.162286895 seconds time elapsed

    1198.843309000 seconds user
       0.138935000 seconds sys


N= 5324 Num. Threads 4 - Iteration 1
# started on Mon Jun  5 09:10:43 2023


 Performance counter stats for './tiny_md':

      1,518,644.15 msec task-clock:u                     #    3.363 CPUs utilized             
                 0      context-switches:u               #    0.000 /sec                      
                 0      cpu-migrations:u                 #    0.000 /sec                      
               212      page-faults:u                    #    0.140 /sec                      
 7,231,363,208,423      cycles:u                         #    4.762 GHz                       
13,405,815,063,130      instructions:u                   #    1.85  insn per cycle            
   792,649,000,276      branches:u                       #  521.945 M/sec                     
     2,038,954,449      branch-misses:u                  #    0.26% of all branches           

     451.594434636 seconds time elapsed

    1515.843004000 seconds user
       0.320678000 seconds sys


N= 5324 Num. Threads 8 - Iteration 1
# started on Mon Jun  5 09:18:14 2023


 Performance counter stats for './tiny_md':

      2,063,925.85 msec task-clock:u                     #    7.713 CPUs utilized             
                 0      context-switches:u               #    0.000 /sec                      
                 0      cpu-migrations:u                 #    0.000 /sec                      
               288      page-faults:u                    #    0.140 /sec                      
 9,019,979,130,635      cycles:u                         #    4.370 GHz                       
13,484,536,201,801      instructions:u                   #    1.49  insn per cycle            
   815,000,015,230      branches:u                       #  394.879 M/sec                     
     2,041,560,511      branch-misses:u                  #    0.25% of all branches           

     267.607568324 seconds time elapsed

    2059.524330000 seconds user
       0.434967000 seconds sys


N= 6912 Num. Threads 2 - Iteration 1
# started on Mon Jun  5 09:22:43 2023


 Performance counter stats for './tiny_md':

      1,874,560.29 msec task-clock:u                     #    1.477 CPUs utilized             
                 0      context-switches:u               #    0.000 /sec                      
                 0      cpu-migrations:u                 #    0.000 /sec                      
               201      page-faults:u                    #    0.107 /sec                      
 9,103,808,851,540      cycles:u                         #    4.857 GHz                       
22,444,086,700,113      instructions:u                   #    2.47  insn per cycle            
 1,297,754,411,455      branches:u                       #  692.298 M/sec                     
     2,736,887,893      branch-misses:u                  #    0.21% of all branches           

    1269.017155078 seconds time elapsed

    1871.724857000 seconds user
       0.154894000 seconds sys


N= 6912 Num. Threads 4 - Iteration 1
# started on Mon Jun  5 09:43:52 2023


 Performance counter stats for './tiny_md':

      2,277,905.36 msec task-clock:u                     #    3.000 CPUs utilized             
                 0      context-switches:u               #    0.000 /sec                      
                 0      cpu-migrations:u                 #    0.000 /sec                      
               248      page-faults:u                    #    0.109 /sec                      
10,801,012,716,213      cycles:u                         #    4.742 GHz                       
22,520,242,611,573      instructions:u                   #    2.09  insn per cycle            
 1,319,427,890,585      branches:u                       #  579.229 M/sec                     
     2,754,866,831      branch-misses:u                  #    0.21% of all branches           

     759.420966387 seconds time elapsed

    2273.769488000 seconds user
       0.450518000 seconds sys


N= 6912 Num. Threads 8 - Iteration 1
# started on Mon Jun  5 09:56:32 2023


 Performance counter stats for './tiny_md':

      2,951,059.06 msec task-clock:u                     #    6.828 CPUs utilized             
                 0      context-switches:u               #    0.000 /sec                      
                 0      cpu-migrations:u                 #    0.000 /sec                      
               339      page-faults:u                    #    0.115 /sec                      
13,230,698,555,454      cycles:u                         #    4.483 GHz                       
22,629,647,567,918      instructions:u                   #    1.71  insn per cycle            
 1,350,507,019,781      branches:u                       #  457.635 M/sec                     
     2,751,492,053      branch-misses:u                  #    0.20% of all branches           

     432.230435201 seconds time elapsed

    2945.501587000 seconds user
       0.616304000 seconds sys


N= 10976 Num. Threads 2 - Iteration 1
# started on Mon Jun  5 10:03:45 2023


 Performance counter stats for './tiny_md':

      4,403,233.62 msec task-clock:u                     #    1.394 CPUs utilized             
                 0      context-switches:u               #    0.000 /sec                      
                 0      cpu-migrations:u                 #    0.000 /sec                      
               278      page-faults:u                    #    0.063 /sec                      
21,493,045,894,395      cycles:u                         #    4.881 GHz                       
56,493,837,225,714      instructions:u                   #    2.63  insn per cycle            
 3,258,780,853,161      branches:u                       #  740.088 M/sec                     
     4,454,050,700      branch-misses:u                  #    0.14% of all branches           

    3158.160806270 seconds time elapsed

    4395.438848000 seconds user
       0.185692000 seconds sys


N= 10976 Num. Threads 4 - Iteration 1
# started on Mon Jun  5 10:56:23 2023


 Performance counter stats for './tiny_md':

      4,952,540.24 msec task-clock:u                     #    2.587 CPUs utilized             
                 0      context-switches:u               #    0.000 /sec                      
                 0      cpu-migrations:u                 #    0.000 /sec                      
               344      page-faults:u                    #    0.069 /sec                      
23,329,235,186,570      cycles:u                         #    4.711 GHz                       
56,570,336,583,568      instructions:u                   #    2.42  insn per cycle            
 3,280,501,211,664      branches:u                       #  662.388 M/sec                     
     4,477,782,820      branch-misses:u                  #    0.14% of all branches           

    1914.170061960 seconds time elapsed

    4943.167371000 seconds user
       0.564776000 seconds sys


N= 10976 Num. Threads 8 - Iteration 1
# started on Mon Jun  5 11:28:18 2023


 Performance counter stats for './tiny_md':

      5,997,215.89 msec task-clock:u                     #    5.506 CPUs utilized             
                 0      context-switches:u               #    0.000 /sec                      
                 0      cpu-migrations:u                 #    0.000 /sec                      
               484      page-faults:u                    #    0.081 /sec                      
27,114,966,483,516      cycles:u                         #    4.521 GHz                       
56,714,032,445,855      instructions:u                   #    2.09  insn per cycle            
 3,321,272,703,740      branches:u                       #  553.802 M/sec                     
     4,506,446,788      branch-misses:u                  #    0.14% of all branches           

    1089.217728961 seconds time elapsed

    5983.783464000 seconds user
       1.188253000 seconds sys


